#
# There is insufficient memory for the Java Runtime Environment to continue.
# Native memory allocation (mmap) failed to map 18874368 bytes for G1 virtual space
# Possible reasons:
#   The system is out of physical RAM or swap space
#   The process is running with CompressedOops enabled, and the Java Heap may be blocking the growth of the native heap
# Possible solutions:
#   Reduce memory load on the system
#   Increase physical memory or swap space
#   Check if swap backing store is full
#   Decrease Java heap size (-Xmx/-Xms)
#   Decrease number of Java threads
#   Decrease Java thread stack sizes (-Xss)
#   Set larger code cache with -XX:ReservedCodeCacheSize=
#   JVM is running with Zero Based Compressed Oops mode in which the Java heap is
#     placed in the first 32GB address space. The Java Heap base address is the
#     maximum limit for the native heap growth. Please use -XX:HeapBaseMinAddress
#     to set the Java Heap base and to place the Java Heap above 32GB virtual address.
# This output file may be truncated or incomplete.
#
#  Out of Memory Error (os_windows.cpp:3528), pid=22052, tid=19488
#
# JRE version: Java(TM) SE Runtime Environment (20.0.2+9) (build 20.0.2+9-78)
# Java VM: Java HotSpot(TM) 64-Bit Server VM (20.0.2+9-78, mixed mode, emulated-client, sharing, tiered, compressed oops, compressed class ptrs, g1 gc, windows-amd64)
# No core dump will be written. Minidumps are not enabled by default on client versions of Windows
#

---------------  S U M M A R Y ------------

Command Line: -XX:TieredStopAtLevel=1 -Dspring.output.ansi.enabled=always -Dcom.sun.management.jmxremote -Dspring.jmx.enabled=true -Dspring.liveBeansView.mbeanDomain -Dspring.application.admin.enabled=true -Dmanagement.endpoints.jmx.exposure.include=* -javaagent:C:\Program Files\JetBrains\IntelliJ IDEA 2023.2.1\lib\idea_rt.jar=52988:C:\Program Files\JetBrains\IntelliJ IDEA 2023.2.1\bin -Dfile.encoding=UTF-8 -Dsun.stdout.encoding=UTF-8 -Dsun.stderr.encoding=UTF-8 tn.esprit.coexist.CoexistApplication

Host: Intel(R) Core(TM) i5-10500H CPU @ 2.50GHz, 12 cores, 11G,  Windows 11 , 64 bit Build 22621 (10.0.22621.3374)
Time: Fri May  3 03:18:51 2024 GMT Summer Time elapsed time: 871.158595 seconds (0d 0h 14m 31s)

---------------  T H R E A D  ---------------

Current thread (0x000001dcca4041c0):  VMThread "VM Thread" [stack: 0x0000004629600000,0x0000004629700000] [id=19488]

Stack: [0x0000004629600000,0x0000004629700000]
Native frames: (J=compiled Java code, j=interpreted, Vv=VM code, C=native code)
V  [jvm.dll+0x6bc25a]
V  [jvm.dll+0x84971a]
V  [jvm.dll+0x84b315]
V  [jvm.dll+0x84ba13]
V  [jvm.dll+0x280e4f]
V  [jvm.dll+0x6b8fe9]
V  [jvm.dll+0x6adbca]
V  [jvm.dll+0x35b165]
V  [jvm.dll+0x363386]
V  [jvm.dll+0x3b400e]
V  [jvm.dll+0x3b4295]
V  [jvm.dll+0x32b86a]
V  [jvm.dll+0x32b917]
V  [jvm.dll+0x373cc2]
V  [jvm.dll+0x3724c0]
V  [jvm.dll+0x32afb1]
V  [jvm.dll+0x371ba6]
V  [jvm.dll+0x85135e]
V  [jvm.dll+0x852471]
V  [jvm.dll+0x852979]
V  [jvm.dll+0x852bf3]
V  [jvm.dll+0x7f5c76]
V  [jvm.dll+0x6baecb]
C  [ucrtbase.dll+0x29333]
C  [KERNEL32.DLL+0x1257d]
C  [ntdll.dll+0x5aa48]

VM_Operation (0x000000462c6f9cd0): G1CollectForAllocation, mode: safepoint, requested by thread 0x000001dd12c82040


---------------  P R O C E S S  ---------------

Threads class SMR info:
_java_thread_list=0x000001dd0f8bbbf0, length=34, elements={
0x000001dcca429c20, 0x000001dcca42a920, 0x000001dcca42dd20, 0x000001dcca431c10,
0x000001dcca433560, 0x000001dcca4354c0, 0x000001dcca439510, 0x000001dcca3f07e0,
0x000001dd0fd67410, 0x000001dd0fd67960, 0x000001dd0ff61e80, 0x000001dd1093b030,
0x000001dd10b7c8b0, 0x000001dd10b7e890, 0x000001dd10b7d350, 0x000001dd10b7f330,
0x000001dd10b7ddf0, 0x000001dd10b7e340, 0x000001dd10b7ede0, 0x000001dd10b7c360,
0x000001dd12c84ac0, 0x000001dd12c85ab0, 0x000001dd12c84570, 0x000001dd12c805b0,
0x000001dd12c85010, 0x000001dd12c87540, 0x000001dd12c82590, 0x000001dd12c82040,
0x000001dd12c83030, 0x000001dd12c80b00, 0x000001dd12c86000, 0x000001dd12c87a90,
0x000001dd12c81af0, 0x000001dd12c84020
}

Java Threads: ( => current thread )
  0x000001dcca429c20 JavaThread "Reference Handler" daemon [_thread_blocked, id=11016, stack(0x0000004629700000,0x0000004629800000)]
  0x000001dcca42a920 JavaThread "Finalizer" daemon [_thread_blocked, id=24960, stack(0x0000004629800000,0x0000004629900000)]
  0x000001dcca42dd20 JavaThread "Signal Dispatcher" daemon [_thread_blocked, id=3280, stack(0x0000004629900000,0x0000004629a00000)]
  0x000001dcca431c10 JavaThread "Attach Listener" daemon [_thread_blocked, id=8332, stack(0x0000004629a00000,0x0000004629b00000)]
  0x000001dcca433560 JavaThread "Service Thread" daemon [_thread_blocked, id=25480, stack(0x0000004629b00000,0x0000004629c00000)]
  0x000001dcca4354c0 JavaThread "Monitor Deflation Thread" daemon [_thread_blocked, id=15880, stack(0x0000004629c00000,0x0000004629d00000)]
  0x000001dcca439510 JavaThread "C1 CompilerThread0" daemon [_thread_blocked, id=24948, stack(0x0000004629d00000,0x0000004629e00000)]
  0x000001dcca3f07e0 JavaThread "Common-Cleaner" daemon [_thread_blocked, id=11080, stack(0x0000004629e00000,0x0000004629f00000)]
  0x000001dd0fd67410 JavaThread "Monitor Ctrl-Break" daemon [_thread_in_native, id=11076, stack(0x000000462a200000,0x000000462a300000)]
  0x000001dd0fd67960 JavaThread "Notification Thread" daemon [_thread_blocked, id=25348, stack(0x000000462a300000,0x000000462a400000)]
  0x000001dd0ff61e80 JavaThread "RMI TCP Accept-0" daemon [_thread_in_native, id=25900, stack(0x000000462a400000,0x000000462a500000)]
  0x000001dd1093b030 JavaThread "RMI Scheduler(0)" daemon [_thread_blocked, id=15720, stack(0x000000462b200000,0x000000462b300000)]
  0x000001dd10b7c8b0 JavaThread "mysql-cj-abandoned-connection-cleanup" daemon [_thread_blocked, id=524, stack(0x000000462ae00000,0x000000462af00000)]
  0x000001dd10b7e890 JavaThread "HikariPool-1 housekeeper" daemon [_thread_blocked, id=10224, stack(0x000000462b700000,0x000000462b800000)]
  0x000001dd10b7d350 JavaThread "Catalina-utility-1" [_thread_blocked, id=5172, stack(0x000000462b900000,0x000000462ba00000)]
  0x000001dd10b7f330 JavaThread "Catalina-utility-2" [_thread_blocked, id=25508, stack(0x000000462ba00000,0x000000462bb00000)]
  0x000001dd10b7ddf0 JavaThread "container-0" [_thread_blocked, id=6720, stack(0x000000462bb00000,0x000000462bc00000)]
  0x000001dd10b7e340 JavaThread "File Watcher" daemon [_thread_blocked, id=9480, stack(0x000000462bc00000,0x000000462bd00000)]
  0x000001dd10b7ede0 JavaThread "Live Reload Server" daemon [_thread_in_native, id=15652, stack(0x000000462bd00000,0x000000462be00000)]
  0x000001dd10b7c360 JavaThread "MessageBroker-1" [_thread_blocked, id=24148, stack(0x000000462be00000,0x000000462bf00000)]
  0x000001dd12c84ac0 JavaThread "http-nio-8000-exec-1" daemon [_thread_blocked, id=17000, stack(0x000000462bf00000,0x000000462c000000)]
  0x000001dd12c85ab0 JavaThread "http-nio-8000-exec-2" daemon [_thread_blocked, id=21096, stack(0x000000462c000000,0x000000462c100000)]
  0x000001dd12c84570 JavaThread "http-nio-8000-exec-3" daemon [_thread_blocked, id=7252, stack(0x000000462c100000,0x000000462c200000)]
  0x000001dd12c805b0 JavaThread "http-nio-8000-exec-4" daemon [_thread_blocked, id=17836, stack(0x000000462c200000,0x000000462c300000)]
  0x000001dd12c85010 JavaThread "http-nio-8000-exec-5" daemon [_thread_blocked, id=10968, stack(0x000000462c300000,0x000000462c400000)]
  0x000001dd12c87540 JavaThread "http-nio-8000-exec-6" daemon [_thread_blocked, id=3076, stack(0x000000462c400000,0x000000462c500000)]
  0x000001dd12c82590 JavaThread "http-nio-8000-exec-7" daemon [_thread_blocked, id=15552, stack(0x000000462c500000,0x000000462c600000)]
  0x000001dd12c82040 JavaThread "http-nio-8000-exec-8" daemon [_thread_blocked, id=20828, stack(0x000000462c600000,0x000000462c700000)]
  0x000001dd12c83030 JavaThread "http-nio-8000-exec-9" daemon [_thread_blocked, id=25140, stack(0x000000462c700000,0x000000462c800000)]
  0x000001dd12c80b00 JavaThread "http-nio-8000-exec-10" daemon [_thread_blocked, id=26044, stack(0x000000462c800000,0x000000462c900000)]
  0x000001dd12c86000 JavaThread "http-nio-8000-Poller" daemon [_thread_blocked, id=10712, stack(0x000000462c900000,0x000000462ca00000)]
  0x000001dd12c87a90 JavaThread "http-nio-8000-Acceptor" daemon [_thread_in_native, id=6948, stack(0x000000462ca00000,0x000000462cb00000)]
  0x000001dd12c81af0 JavaThread "DestroyJavaVM" [_thread_blocked, id=3260, stack(0x0000004629000000,0x0000004629100000)]
  0x000001dd12c84020 JavaThread "MessageBroker-2" [_thread_blocked, id=8776, stack(0x0000004628d00000,0x0000004628e00000)]

Other Threads:
=>0x000001dcca4041c0 VMThread "VM Thread" [stack: 0x0000004629600000,0x0000004629700000] [id=19488]
  0x000001dcb62c4250 WatcherThread "VM Periodic Task Thread" [stack: 0x000000462a500000,0x000000462a600000] [id=24604]
  0x000001dcb631f030 WorkerThread "GC Thread#0" [stack: 0x0000004629100000,0x0000004629200000] [id=3404]
  0x000001dd100565c0 WorkerThread "GC Thread#1" [stack: 0x000000462a600000,0x000000462a700000] [id=5824]
  0x000001dd10056890 WorkerThread "GC Thread#2" [stack: 0x000000462a700000,0x000000462a800000] [id=4672]
  0x000001dd100b17f0 WorkerThread "GC Thread#3" [stack: 0x000000462a800000,0x000000462a900000] [id=19372]
  0x000001dd100c59f0 WorkerThread "GC Thread#4" [stack: 0x000000462a900000,0x000000462aa00000] [id=16216]
  0x000001dd100c7390 WorkerThread "GC Thread#5" [stack: 0x000000462aa00000,0x000000462ab00000] [id=10924]
  0x000001dd100c62b0 WorkerThread "GC Thread#6" [stack: 0x000000462ab00000,0x000000462ac00000] [id=10536]
  0x000001dd100c5fe0 WorkerThread "GC Thread#7" [stack: 0x000000462af00000,0x000000462b000000] [id=14500]
  0x000001dd100c6580 WorkerThread "GC Thread#8" [stack: 0x000000462b000000,0x000000462b100000] [id=4920]
  0x000001dd100c7930 WorkerThread "GC Thread#9" [stack: 0x000000462b300000,0x000000462b400000] [id=15068]
  0x000001dcb632bbc0 ConcurrentGCThread "G1 Main Marker" [stack: 0x0000004629200000,0x0000004629300000] [id=5252]
  0x000001dcb632d7a0 WorkerThread "G1 Conc#0" [stack: 0x0000004629300000,0x0000004629400000] [id=22232]
  0x000001dd100c5d10 WorkerThread "G1 Conc#1" [stack: 0x000000462b400000,0x000000462b500000] [id=6216]
  0x000001dd100c6df0 WorkerThread "G1 Conc#2" [stack: 0x000000462b500000,0x000000462b600000] [id=3388]
  0x000001dcca2c6140 ConcurrentGCThread "G1 Refine#0" [stack: 0x0000004629400000,0x0000004629500000] [id=10220]
  0x000001dcca2c69f0 ConcurrentGCThread "G1 Service" [stack: 0x0000004629500000,0x0000004629600000] [id=12920]

Threads with active compile tasks:

VM state: at safepoint (normal execution)

VM Mutex/Monitor currently owned by a thread:  ([mutex/lock_event])
[0x000001dcb62be1c0] Threads_lock - owner thread: 0x000001dcca4041c0
[0x000001dcb62be130] Heap_lock - owner thread: 0x000001dd12c82040

Heap address: 0x0000000743800000, size: 3016 MB, Compressed Oops mode: Zero based, Oop shift amount: 3

CDS archive(s) mapped at: [0x000001dcca800000-0x000001dccb460000-0x000001dccb460000), size 12976128, SharedBaseAddress: 0x000001dcca800000, ArchiveRelocationMode: 1.
Compressed class space mapped at: 0x000001dccb800000-0x000001dd0b800000, reserved size: 1073741824
Narrow klass base: 0x000001dcca800000, Narrow klass shift: 0, Narrow klass range: 0x100000000

GC Precious Log:
 CardTable entry size: 512
 Card Set container configuration: InlinePtr #cards 4 size 8 Array Of Cards #cards 16 size 48 Howl #buckets 8 coarsen threshold 3686 Howl Bitmap #cards 512 size 80 coarsen threshold 460 Card regions per heap region 1 cards per card region 4096
 CPUs: 12 total, 12 available
 Memory: 12063M
 Large Page Support: Disabled
 NUMA Support: Disabled
 Compressed Oops: Enabled (Zero based)
 Heap Region Size: 2M
 Heap Min Capacity: 8M
 Heap Initial Capacity: 190M
 Heap Max Capacity: 3016M
 Pre-touch: Disabled
 Parallel Workers: 10
 Concurrent Workers: 3
 Concurrent Refinement Workers: 10
 Periodic GC: Disabled

Heap:
 garbage-first heap   total 184320K, used 48406K [0x0000000743800000, 0x0000000800000000)
  region size 2048K, 1 young (2048K), 1 survivors (2048K)
 Metaspace       used 81727K, committed 83328K, reserved 1179648K
  class space    used 11768K, committed 12416K, reserved 1048576K

Heap Regions: E=young(eden), S=young(survivor), O=old, HS=humongous(starts), HC=humongous(continues), CS=collection set, F=free, OA=open archive, CA=closed archive, TAMS=top-at-mark-start, PB=parsable bottom
|   0|0x0000000743800000, 0x0000000743a00000, 0x0000000743a00000|100%| O|  |TAMS 0x0000000743a00000| PB 0x0000000743800000| Untracked 
|   1|0x0000000743a00000, 0x0000000743c00000, 0x0000000743c00000|100%| O|  |TAMS 0x0000000743c00000| PB 0x0000000743a00000| Untracked 
|   2|0x0000000743c00000, 0x0000000743e00000, 0x0000000743e00000|100%| O|  |TAMS 0x0000000743e00000| PB 0x0000000743c00000| Untracked 
|   3|0x0000000743e00000, 0x0000000744000000, 0x0000000744000000|100%| O|  |TAMS 0x0000000744000000| PB 0x0000000743e00000| Untracked 
|   4|0x0000000744000000, 0x0000000744200000, 0x0000000744200000|100%| O|  |TAMS 0x0000000744200000| PB 0x0000000744000000| Untracked 
|   5|0x0000000744200000, 0x0000000744400000, 0x0000000744400000|100%| O|  |TAMS 0x0000000744400000| PB 0x0000000744200000| Untracked 
|   6|0x0000000744400000, 0x00000007445dc600, 0x0000000744600000| 93%| O|  |TAMS 0x00000007445dc600| PB 0x0000000744400000| Untracked 
|   7|0x0000000744600000, 0x0000000744800000, 0x0000000744800000|100%| O|  |TAMS 0x0000000744800000| PB 0x0000000744600000| Untracked 
|   8|0x0000000744800000, 0x0000000744a00000, 0x0000000744a00000|100%| O|  |TAMS 0x0000000744a00000| PB 0x0000000744800000| Untracked 
|   9|0x0000000744a00000, 0x0000000744c00000, 0x0000000744c00000|100%| O|  |TAMS 0x0000000744c00000| PB 0x0000000744a00000| Untracked 
|  10|0x0000000744c00000, 0x0000000744e00000, 0x0000000744e00000|100%| O|  |TAMS 0x0000000744e00000| PB 0x0000000744c00000| Untracked 
|  11|0x0000000744e00000, 0x0000000745000000, 0x0000000745000000|100%| O|  |TAMS 0x0000000745000000| PB 0x0000000744e00000| Untracked 
|  12|0x0000000745000000, 0x0000000745000000, 0x0000000745200000|  0%| F|  |TAMS 0x0000000745000000| PB 0x0000000745000000| Untracked 
|  13|0x0000000745200000, 0x0000000745350600, 0x0000000745400000| 65%| O|  |TAMS 0x0000000745350600| PB 0x0000000745200000| Untracked 
|  14|0x0000000745400000, 0x0000000745600000, 0x0000000745600000|100%| O|  |TAMS 0x0000000745600000| PB 0x0000000745400000| Untracked 
|  15|0x0000000745600000, 0x0000000745800000, 0x0000000745800000|100%| O|  |TAMS 0x0000000745800000| PB 0x0000000745600000| Untracked 
|  16|0x0000000745800000, 0x0000000745a00000, 0x0000000745a00000|100%| O|  |TAMS 0x0000000745a00000| PB 0x0000000745800000| Untracked 
|  17|0x0000000745a00000, 0x0000000745c00000, 0x0000000745c00000|100%| O|  |TAMS 0x0000000745c00000| PB 0x0000000745a00000| Untracked 
|  18|0x0000000745c00000, 0x0000000745e00000, 0x0000000745e00000|100%| O|  |TAMS 0x0000000745e00000| PB 0x0000000745c00000| Untracked 
|  19|0x0000000745e00000, 0x0000000746000000, 0x0000000746000000|100%| O|  |TAMS 0x0000000746000000| PB 0x0000000745e00000| Untracked 
|  20|0x0000000746000000, 0x0000000746000000, 0x0000000746200000|  0%| F|  |TAMS 0x0000000746000000| PB 0x0000000746000000| Untracked 
|  21|0x0000000746200000, 0x0000000746400000, 0x0000000746400000|100%| O|  |TAMS 0x0000000746400000| PB 0x0000000746200000| Untracked 
|  22|0x0000000746400000, 0x0000000746600000, 0x0000000746600000|100%| O|  |TAMS 0x0000000746600000| PB 0x0000000746400000| Untracked 
|  23|0x0000000746600000, 0x0000000746800000, 0x0000000746800000|100%| O|  |TAMS 0x0000000746800000| PB 0x0000000746600000| Untracked 
|  24|0x0000000746800000, 0x0000000746800000, 0x0000000746a00000|  0%| F|  |TAMS 0x0000000746800000| PB 0x0000000746800000| Untracked 
|  25|0x0000000746a00000, 0x0000000746c00000, 0x0000000746c00000|100%| O|  |TAMS 0x0000000746c00000| PB 0x0000000746a00000| Untracked 
|  26|0x0000000746c00000, 0x0000000746c00000, 0x0000000746e00000|  0%| F|  |TAMS 0x0000000746c00000| PB 0x0000000746c00000| Untracked 
|  27|0x0000000746e00000, 0x0000000747000000, 0x0000000747000000|100%| O|  |TAMS 0x0000000747000000| PB 0x0000000746e00000| Untracked 
|  28|0x0000000747000000, 0x0000000747000000, 0x0000000747200000|  0%| F|  |TAMS 0x0000000747000000| PB 0x0000000747000000| Untracked 
|  29|0x0000000747200000, 0x0000000747200000, 0x0000000747400000|  0%| F|  |TAMS 0x0000000747200000| PB 0x0000000747200000| Untracked 
|  30|0x0000000747400000, 0x0000000747400000, 0x0000000747600000|  0%| F|  |TAMS 0x0000000747400000| PB 0x0000000747400000| Untracked 
|  31|0x0000000747600000, 0x0000000747600000, 0x0000000747800000|  0%| F|  |TAMS 0x0000000747600000| PB 0x0000000747600000| Untracked 
|  32|0x0000000747800000, 0x0000000747800000, 0x0000000747a00000|  0%| F|  |TAMS 0x0000000747800000| PB 0x0000000747800000| Untracked 
|  33|0x0000000747a00000, 0x0000000747a00000, 0x0000000747c00000|  0%| F|  |TAMS 0x0000000747a00000| PB 0x0000000747a00000| Untracked 
|  34|0x0000000747c00000, 0x0000000747c00000, 0x0000000747e00000|  0%| F|  |TAMS 0x0000000747c00000| PB 0x0000000747c00000| Untracked 
|  35|0x0000000747e00000, 0x0000000747e00000, 0x0000000748000000|  0%| F|  |TAMS 0x0000000747e00000| PB 0x0000000747e00000| Untracked 
|  36|0x0000000748000000, 0x0000000748018ff0, 0x0000000748200000|  4%| S|CS|TAMS 0x0000000748000000| PB 0x0000000748000000| Complete 
|  37|0x0000000748200000, 0x0000000748200000, 0x0000000748400000|  0%| F|  |TAMS 0x0000000748200000| PB 0x0000000748200000| Untracked 
|  38|0x0000000748400000, 0x0000000748400000, 0x0000000748600000|  0%| F|  |TAMS 0x0000000748400000| PB 0x0000000748400000| Untracked 
|  39|0x0000000748600000, 0x0000000748600000, 0x0000000748800000|  0%| F|  |TAMS 0x0000000748600000| PB 0x0000000748600000| Untracked 
|  40|0x0000000748800000, 0x0000000748800000, 0x0000000748a00000|  0%| F|  |TAMS 0x0000000748800000| PB 0x0000000748800000| Untracked 
|  41|0x0000000748a00000, 0x0000000748a00000, 0x0000000748c00000|  0%| F|  |TAMS 0x0000000748a00000| PB 0x0000000748a00000| Untracked 
|  42|0x0000000748c00000, 0x0000000748c00000, 0x0000000748e00000|  0%| F|  |TAMS 0x0000000748c00000| PB 0x0000000748c00000| Untracked 
|  43|0x0000000748e00000, 0x0000000748e00000, 0x0000000749000000|  0%| F|  |TAMS 0x0000000748e00000| PB 0x0000000748e00000| Untracked 
|  44|0x0000000749000000, 0x0000000749000000, 0x0000000749200000|  0%| F|  |TAMS 0x0000000749000000| PB 0x0000000749000000| Untracked 
|  45|0x0000000749200000, 0x0000000749200000, 0x0000000749400000|  0%| F|  |TAMS 0x0000000749200000| PB 0x0000000749200000| Untracked 
|  46|0x0000000749400000, 0x0000000749400000, 0x0000000749600000|  0%| F|  |TAMS 0x0000000749400000| PB 0x0000000749400000| Untracked 
|  47|0x0000000749600000, 0x0000000749600000, 0x0000000749800000|  0%| F|  |TAMS 0x0000000749600000| PB 0x0000000749600000| Untracked 
|  48|0x0000000749800000, 0x0000000749800000, 0x0000000749a00000|  0%| F|  |TAMS 0x0000000749800000| PB 0x0000000749800000| Untracked 
|  49|0x0000000749a00000, 0x0000000749a00000, 0x0000000749c00000|  0%| F|  |TAMS 0x0000000749a00000| PB 0x0000000749a00000| Untracked 
|  50|0x0000000749c00000, 0x0000000749c00000, 0x0000000749e00000|  0%| F|  |TAMS 0x0000000749c00000| PB 0x0000000749c00000| Untracked 
|  51|0x0000000749e00000, 0x0000000749e00000, 0x000000074a000000|  0%| F|  |TAMS 0x0000000749e00000| PB 0x0000000749e00000| Untracked 
|  52|0x000000074a000000, 0x000000074a000000, 0x000000074a200000|  0%| F|  |TAMS 0x000000074a000000| PB 0x000000074a000000| Untracked 
|  53|0x000000074a200000, 0x000000074a200000, 0x000000074a400000|  0%| F|  |TAMS 0x000000074a200000| PB 0x000000074a200000| Untracked 
|  54|0x000000074a400000, 0x000000074a400000, 0x000000074a600000|  0%| F|  |TAMS 0x000000074a400000| PB 0x000000074a400000| Untracked 
|  55|0x000000074a600000, 0x000000074a600000, 0x000000074a800000|  0%| F|  |TAMS 0x000000074a600000| PB 0x000000074a600000| Untracked 
|  56|0x000000074a800000, 0x000000074a800000, 0x000000074aa00000|  0%| F|  |TAMS 0x000000074a800000| PB 0x000000074a800000| Untracked 
|  57|0x000000074aa00000, 0x000000074aa00000, 0x000000074ac00000|  0%| F|  |TAMS 0x000000074aa00000| PB 0x000000074aa00000| Untracked 
|  58|0x000000074ac00000, 0x000000074ac00000, 0x000000074ae00000|  0%| F|  |TAMS 0x000000074ac00000| PB 0x000000074ac00000| Untracked 
|  59|0x000000074ae00000, 0x000000074ae00000, 0x000000074b000000|  0%| F|  |TAMS 0x000000074ae00000| PB 0x000000074ae00000| Untracked 
|  60|0x000000074b000000, 0x000000074b000000, 0x000000074b200000|  0%| F|  |TAMS 0x000000074b000000| PB 0x000000074b000000| Untracked 
|  61|0x000000074b200000, 0x000000074b200000, 0x000000074b400000|  0%| F|  |TAMS 0x000000074b200000| PB 0x000000074b200000| Untracked 
|  62|0x000000074b400000, 0x000000074b400000, 0x000000074b600000|  0%| F|  |TAMS 0x000000074b400000| PB 0x000000074b400000| Untracked 
|  63|0x000000074b600000, 0x000000074b600000, 0x000000074b800000|  0%| F|  |TAMS 0x000000074b600000| PB 0x000000074b600000| Untracked 
|  64|0x000000074b800000, 0x000000074b800000, 0x000000074ba00000|  0%| F|  |TAMS 0x000000074b800000| PB 0x000000074b800000| Untracked 
|  65|0x000000074ba00000, 0x000000074ba00000, 0x000000074bc00000|  0%| F|  |TAMS 0x000000074ba00000| PB 0x000000074ba00000| Untracked 
|  66|0x000000074bc00000, 0x000000074bc00000, 0x000000074be00000|  0%| F|  |TAMS 0x000000074bc00000| PB 0x000000074bc00000| Untracked 
|  67|0x000000074be00000, 0x000000074be00000, 0x000000074c000000|  0%| F|  |TAMS 0x000000074be00000| PB 0x000000074be00000| Untracked 
|  68|0x000000074c000000, 0x000000074c000000, 0x000000074c200000|  0%| F|  |TAMS 0x000000074c000000| PB 0x000000074c000000| Untracked 
|  69|0x000000074c200000, 0x000000074c200000, 0x000000074c400000|  0%| F|  |TAMS 0x000000074c200000| PB 0x000000074c200000| Untracked 
|  70|0x000000074c400000, 0x000000074c400000, 0x000000074c600000|  0%| F|  |TAMS 0x000000074c400000| PB 0x000000074c400000| Untracked 
|  71|0x000000074c600000, 0x000000074c600000, 0x000000074c800000|  0%| F|  |TAMS 0x000000074c600000| PB 0x000000074c600000| Untracked 
|  72|0x000000074c800000, 0x000000074c800000, 0x000000074ca00000|  0%| F|  |TAMS 0x000000074c800000| PB 0x000000074c800000| Untracked 
|  73|0x000000074ca00000, 0x000000074ca00000, 0x000000074cc00000|  0%| F|  |TAMS 0x000000074ca00000| PB 0x000000074ca00000| Untracked 
|  74|0x000000074cc00000, 0x000000074cc00000, 0x000000074ce00000|  0%| F|  |TAMS 0x000000074cc00000| PB 0x000000074cc00000| Untracked 
|  75|0x000000074ce00000, 0x000000074ce00000, 0x000000074d000000|  0%| F|  |TAMS 0x000000074ce00000| PB 0x000000074ce00000| Untracked 
|  76|0x000000074d000000, 0x000000074d000000, 0x000000074d200000|  0%| F|  |TAMS 0x000000074d000000| PB 0x000000074d000000| Untracked 
|  77|0x000000074d200000, 0x000000074d200000, 0x000000074d400000|  0%| F|  |TAMS 0x000000074d200000| PB 0x000000074d200000| Untracked 
|  78|0x000000074d400000, 0x000000074d400000, 0x000000074d600000|  0%| F|  |TAMS 0x000000074d400000| PB 0x000000074d400000| Untracked 
|  79|0x000000074d600000, 0x000000074d600000, 0x000000074d800000|  0%| F|  |TAMS 0x000000074d600000| PB 0x000000074d600000| Untracked 
|  80|0x000000074d800000, 0x000000074d800000, 0x000000074da00000|  0%| F|  |TAMS 0x000000074d800000| PB 0x000000074d800000| Untracked 
|  81|0x000000074da00000, 0x000000074da00000, 0x000000074dc00000|  0%| F|  |TAMS 0x000000074da00000| PB 0x000000074da00000| Untracked 
|  82|0x000000074dc00000, 0x000000074dc00000, 0x000000074de00000|  0%| F|  |TAMS 0x000000074dc00000| PB 0x000000074dc00000| Untracked 
|  83|0x000000074de00000, 0x000000074de00000, 0x000000074e000000|  0%| F|  |TAMS 0x000000074de00000| PB 0x000000074de00000| Untracked 
|  84|0x000000074e000000, 0x000000074e000000, 0x000000074e200000|  0%| F|  |TAMS 0x000000074e000000| PB 0x000000074e000000| Untracked 
|  85|0x000000074e200000, 0x000000074e200000, 0x000000074e400000|  0%| F|  |TAMS 0x000000074e200000| PB 0x000000074e200000| Untracked 
|  86|0x000000074e400000, 0x000000074e400000, 0x000000074e600000|  0%| F|  |TAMS 0x000000074e400000| PB 0x000000074e400000| Untracked 
|  87|0x000000074e600000, 0x000000074e600000, 0x000000074e800000|  0%| F|  |TAMS 0x000000074e600000| PB 0x000000074e600000| Untracked 
|  97|0x000000074fa00000, 0x000000074fa00000, 0x000000074fc00000|  0%| F|  |TAMS 0x000000074fa00000| PB 0x000000074fa00000| Untracked 
|  98|0x000000074fc00000, 0x000000074fc00000, 0x000000074fe00000|  0%| F|  |TAMS 0x000000074fc00000| PB 0x000000074fc00000| Untracked 

Card table byte_map: [0x000001dcc3c60000,0x000001dcc4250000] _byte_map_base: 0x000001dcc0244000

Marking Bits: (CMBitMap*) 0x000001dcb631f660
 Bits: [0x000001dcc4840000, 0x000001dcc7760000)

Polling page: 0x000001dcb6370000

Metaspace:

Usage:
  Non-class:     68.32 MB used.
      Class:     11.49 MB used.
       Both:     79.81 MB used.

Virtual space:
  Non-class space:      128.00 MB reserved,      69.25 MB ( 54%) committed,  2 nodes.
      Class space:        1.00 GB reserved,      12.12 MB (  1%) committed,  1 nodes.
             Both:        1.12 GB reserved,      81.38 MB (  7%) committed. 

Chunk freelists:
   Non-Class:  2.50 MB
       Class:  4.16 MB
        Both:  6.66 MB

MaxMetaspaceSize: unlimited
CompressedClassSpaceSize: 1.00 GB
Initial GC threshold: 21.00 MB
Current GC threshold: 135.62 MB
CDS: on
MetaspaceReclaimPolicy: balanced
 - commit_granule_bytes: 65536.
 - commit_granule_words: 8192.
 - virtual_space_node_default_size: 8388608.
 - enlarge_chunks_in_place: 1.
 - new_chunks_are_fully_committed: 0.
 - uncommit_free_chunks: 1.
 - use_allocation_guard: 0.


Internal statistics:

num_allocs_failed_limit: 6.
num_arena_births: 1768.
num_arena_deaths: 674.
num_vsnodes_births: 3.
num_vsnodes_deaths: 0.
num_space_committed: 1302.
num_space_uncommitted: 0.
num_chunks_returned_to_freelist: 776.
num_chunks_taken_from_freelist: 4840.
num_chunk_merges: 187.
num_chunk_splits: 3438.
num_chunks_enlarged: 2625.
num_inconsistent_stats: 0.

CodeCache: size=49152Kb used=6624Kb max_used=20354Kb free=42527Kb
 bounds [0x000001dcbfb70000, 0x000001dcc0f60000, 0x000001dcc2b70000]
 total_blobs=3244 nmethods=2500 adapters=668
 compilation: enabled
              stopped_count=0, restarted_count=0
 full_count=0

Compilation events (20 events):
Event: 862.770 Thread 0x000001dcca439510 13847       1       sun.net.ext.ExtendedSocketOptions::isOptionSupported (11 bytes)
Event: 862.770 Thread 0x000001dcca439510 nmethod 13847 0x000001dcbfda3f10 code [0x000001dcbfda40a0, 0x000001dcbfda4190]
Event: 862.770 Thread 0x000001dcca439510 13848       1       sun.nio.ch.SocketOptionRegistry::findOption (23 bytes)
Event: 862.770 Thread 0x000001dcca439510 nmethod 13848 0x000001dcbff6d510 code [0x000001dcbff6d6a0, 0x000001dcbff6d8e8]
Event: 863.534 Thread 0x000001dcca439510 13849       1       java.util.concurrent.locks.AbstractQueuedSynchronizer::acquireInterruptibly (36 bytes)
Event: 863.535 Thread 0x000001dcca439510 nmethod 13849 0x000001dcbfdcce10 code [0x000001dcbfdccfc0, 0x000001dcbfdcd230]
Event: 864.141 Thread 0x000001dcca439510 13850       1       java.net.InetAddress::<init> (21 bytes)
Event: 864.141 Thread 0x000001dcca439510 nmethod 13850 0x000001dcbfda9d90 code [0x000001dcbfda9f20, 0x000001dcbfdaa0d0]
Event: 864.141 Thread 0x000001dcca439510 13851       1       java.net.InetAddress$InetAddressHolder::<init> (5 bytes)
Event: 864.141 Thread 0x000001dcca439510 nmethod 13851 0x000001dcbfdb2110 code [0x000001dcbfdb2280, 0x000001dcbfdb2348]
Event: 864.913 Thread 0x000001dcca439510 13852       1       sun.nio.ch.SocketChannelImpl::ensureOpen (16 bytes)
Event: 864.913 Thread 0x000001dcca439510 nmethod 13852 0x000001dcbfdb2e10 code [0x000001dcbfdb2fa0, 0x000001dcbfdb3128]
Event: 864.913 Thread 0x000001dcca439510 13853       1       sun.nio.ch.SocketChannelImpl::isNetSocket (26 bytes)
Event: 864.913 Thread 0x000001dcca439510 nmethod 13853 0x000001dcbfdb5910 code [0x000001dcbfdb5aa0, 0x000001dcbfdb5ba8]
Event: 866.309 Thread 0x000001dcca439510 13854       1       java.net.InetSocketAddress$InetSocketAddressHolder::getAddress (5 bytes)
Event: 866.310 Thread 0x000001dcca439510 nmethod 13854 0x000001dcbfdb8590 code [0x000001dcbfdb8700, 0x000001dcbfdb87d0]
Event: 867.400 Thread 0x000001dcca439510 13855   !   1       java.nio.channels.spi.AbstractSelectableChannel::isRegistered (27 bytes)
Event: 867.400 Thread 0x000001dcca439510 nmethod 13855 0x000001dcbfca3990 code [0x000001dcbfca3b20, 0x000001dcbfca3cf0]
Event: 869.229 Thread 0x000001dcca439510 13856       1       java.lang.invoke.VarHandleGuards::guard_LII_Z (86 bytes)
Event: 869.230 Thread 0x000001dcca439510 nmethod 13856 0x000001dcbfcc4410 code [0x000001dcbfcc4680, 0x000001dcbfcc5048]

GC Heap History (20 events):
Event: 844.662 GC heap after
{Heap after GC invocations=50 (full 0):
 garbage-first heap   total 192512K, used 50351K [0x0000000743800000, 0x0000000800000000)
  region size 2048K, 2 young (4096K), 2 survivors (4096K)
 Metaspace       used 81815K, committed 83328K, reserved 1179648K
  class space    used 11793K, committed 12416K, reserved 1048576K
}
Event: 846.200 GC heap before
{Heap before GC invocations=51 (full 0):
 garbage-first heap   total 192512K, used 160943K [0x0000000743800000, 0x0000000800000000)
  region size 2048K, 56 young (114688K), 2 survivors (4096K)
 Metaspace       used 81815K, committed 83328K, reserved 1179648K
  class space    used 11793K, committed 12416K, reserved 1048576K
}
Event: 846.204 GC heap after
{Heap after GC invocations=52 (full 0):
 garbage-first heap   total 192512K, used 50483K [0x0000000743800000, 0x0000000800000000)
  region size 2048K, 1 young (2048K), 1 survivors (2048K)
 Metaspace       used 81815K, committed 83328K, reserved 1179648K
  class space    used 11793K, committed 12416K, reserved 1048576K
}
Event: 847.977 GC heap before
{Heap before GC invocations=52 (full 0):
 garbage-first heap   total 192512K, used 163123K [0x0000000743800000, 0x0000000800000000)
  region size 2048K, 56 young (114688K), 1 survivors (2048K)
 Metaspace       used 81815K, committed 83328K, reserved 1179648K
  class space    used 11793K, committed 12416K, reserved 1048576K
}
Event: 848.006 GC heap after
{Heap after GC invocations=53 (full 0):
 garbage-first heap   total 192512K, used 49799K [0x0000000743800000, 0x0000000800000000)
  region size 2048K, 1 young (2048K), 1 survivors (2048K)
 Metaspace       used 81815K, committed 83328K, reserved 1179648K
  class space    used 11793K, committed 12416K, reserved 1048576K
}
Event: 851.292 GC heap before
{Heap before GC invocations=53 (full 0):
 garbage-first heap   total 192512K, used 160391K [0x0000000743800000, 0x0000000800000000)
  region size 2048K, 56 young (114688K), 1 survivors (2048K)
 Metaspace       used 81815K, committed 83328K, reserved 1179648K
  class space    used 11793K, committed 12416K, reserved 1048576K
}
Event: 851.303 GC heap after
{Heap after GC invocations=54 (full 0):
 garbage-first heap   total 192512K, used 49490K [0x0000000743800000, 0x0000000800000000)
  region size 2048K, 1 young (2048K), 1 survivors (2048K)
 Metaspace       used 81815K, committed 83328K, reserved 1179648K
  class space    used 11793K, committed 12416K, reserved 1048576K
}
Event: 858.327 GC heap before
{Heap before GC invocations=54 (full 0):
 garbage-first heap   total 192512K, used 162130K [0x0000000743800000, 0x0000000800000000)
  region size 2048K, 56 young (114688K), 1 survivors (2048K)
 Metaspace       used 81815K, committed 83328K, reserved 1179648K
  class space    used 11793K, committed 12416K, reserved 1048576K
}
Event: 858.331 GC heap after
{Heap after GC invocations=55 (full 0):
 garbage-first heap   total 192512K, used 49529K [0x0000000743800000, 0x0000000800000000)
  region size 2048K, 1 young (2048K), 1 survivors (2048K)
 Metaspace       used 81815K, committed 83328K, reserved 1179648K
  class space    used 11793K, committed 12416K, reserved 1048576K
}
Event: 863.629 GC heap before
{Heap before GC invocations=56 (full 0):
 garbage-first heap   total 184320K, used 158073K [0x0000000743800000, 0x0000000800000000)
  region size 2048K, 54 young (110592K), 1 survivors (2048K)
 Metaspace       used 81778K, committed 83328K, reserved 1179648K
  class space    used 11782K, committed 12416K, reserved 1048576K
}
Event: 863.632 GC heap after
{Heap after GC invocations=57 (full 0):
 garbage-first heap   total 184320K, used 49488K [0x0000000743800000, 0x0000000800000000)
  region size 2048K, 1 young (2048K), 1 survivors (2048K)
 Metaspace       used 81778K, committed 83328K, reserved 1179648K
  class space    used 11782K, committed 12416K, reserved 1048576K
}
Event: 865.123 GC heap before
{Heap before GC invocations=57 (full 0):
 garbage-first heap   total 184320K, used 158032K [0x0000000743800000, 0x0000000800000000)
  region size 2048K, 54 young (110592K), 1 survivors (2048K)
 Metaspace       used 81778K, committed 83328K, reserved 1179648K
  class space    used 11782K, committed 12416K, reserved 1048576K
}
Event: 865.130 GC heap after
{Heap after GC invocations=58 (full 0):
 garbage-first heap   total 184320K, used 48815K [0x0000000743800000, 0x0000000800000000)
  region size 2048K, 1 young (2048K), 1 survivors (2048K)
 Metaspace       used 81778K, committed 83328K, reserved 1179648K
  class space    used 11782K, committed 12416K, reserved 1048576K
}
Event: 867.215 GC heap before
{Heap before GC invocations=58 (full 0):
 garbage-first heap   total 184320K, used 157359K [0x0000000743800000, 0x0000000800000000)
  region size 2048K, 54 young (110592K), 1 survivors (2048K)
 Metaspace       used 81778K, committed 83328K, reserved 1179648K
  class space    used 11782K, committed 12416K, reserved 1048576K
}
Event: 867.217 GC heap after
{Heap after GC invocations=59 (full 0):
 garbage-first heap   total 184320K, used 49177K [0x0000000743800000, 0x0000000800000000)
  region size 2048K, 1 young (2048K), 1 survivors (2048K)
 Metaspace       used 81778K, committed 83328K, reserved 1179648K
  class space    used 11782K, committed 12416K, reserved 1048576K
}
Event: 868.631 GC heap before
{Heap before GC invocations=60 (full 0):
 garbage-first heap   total 184320K, used 157721K [0x0000000743800000, 0x0000000800000000)
  region size 2048K, 54 young (110592K), 1 survivors (2048K)
 Metaspace       used 81726K, committed 83328K, reserved 1179648K
  class space    used 11768K, committed 12416K, reserved 1048576K
}
Event: 868.632 GC heap after
{Heap after GC invocations=61 (full 0):
 garbage-first heap   total 184320K, used 49097K [0x0000000743800000, 0x0000000800000000)
  region size 2048K, 1 young (2048K), 1 survivors (2048K)
 Metaspace       used 81726K, committed 83328K, reserved 1179648K
  class space    used 11768K, committed 12416K, reserved 1048576K
}
Event: 870.015 GC heap before
{Heap before GC invocations=61 (full 0):
 garbage-first heap   total 184320K, used 157641K [0x0000000743800000, 0x0000000800000000)
  region size 2048K, 54 young (110592K), 1 survivors (2048K)
 Metaspace       used 81727K, committed 83328K, reserved 1179648K
  class space    used 11768K, committed 12416K, reserved 1048576K
}
Event: 870.020 GC heap after
{Heap after GC invocations=62 (full 0):
 garbage-first heap   total 184320K, used 48391K [0x0000000743800000, 0x0000000800000000)
  region size 2048K, 1 young (2048K), 1 survivors (2048K)
 Metaspace       used 81727K, committed 83328K, reserved 1179648K
  class space    used 11768K, committed 12416K, reserved 1048576K
}
Event: 871.152 GC heap before
{Heap before GC invocations=62 (full 0):
 garbage-first heap   total 184320K, used 156935K [0x0000000743800000, 0x0000000800000000)
  region size 2048K, 54 young (110592K), 1 survivors (2048K)
 Metaspace       used 81727K, committed 83328K, reserved 1179648K
  class space    used 11768K, committed 12416K, reserved 1048576K
}

Dll operation events (14 events):
Event: 0.008 Loaded shared library C:\Program Files\Java\jdk-20\bin\java.dll
Event: 0.023 Loaded shared library C:\Program Files\Java\jdk-20\bin\jsvml.dll
Event: 0.099 Loaded shared library C:\Program Files\Java\jdk-20\bin\zip.dll
Event: 0.102 Loaded shared library C:\Program Files\Java\jdk-20\bin\instrument.dll
Event: 0.106 Loaded shared library C:\Program Files\Java\jdk-20\bin\net.dll
Event: 0.107 Loaded shared library C:\Program Files\Java\jdk-20\bin\nio.dll
Event: 0.109 Loaded shared library C:\Program Files\Java\jdk-20\bin\zip.dll
Event: 0.193 Loaded shared library C:\Program Files\JetBrains\IntelliJ IDEA 2023.2.1\bin\breakgen64.dll
Event: 0.200 Loaded shared library C:\Program Files\Java\jdk-20\bin\jimage.dll
Event: 0.202 Loaded shared library C:\Program Files\Java\jdk-20\bin\extnet.dll
Event: 0.219 Loaded shared library C:\Program Files\Java\jdk-20\bin\management.dll
Event: 0.231 Loaded shared library C:\Program Files\Java\jdk-20\bin\management_ext.dll
Event: 1.433 Loaded shared library C:\Program Files\Java\jdk-20\bin\sunmscapi.dll
Event: 2.922 Loaded shared library C:\Program Files\Java\jdk-20\bin\verify.dll

Deoptimization events (20 events):
Event: 3.089 Thread 0x000001dd103478c0 DEOPT PACKING pc=0x000001dcc054e275 sp=0x000000462adf5c60
Event: 3.089 Thread 0x000001dd103478c0 DEOPT UNPACKING pc=0x000001dcbfbda4c2 sp=0x000000462adf51c8 mode 3
Event: 3.996 Thread 0x000001dd103478c0 DEOPT PACKING pc=0x000001dcc0754b04 sp=0x000000462adf8510
Event: 3.996 Thread 0x000001dd103478c0 DEOPT UNPACKING pc=0x000001dcbfbda4c2 sp=0x000000462adf7998 mode 0
Event: 4.429 Thread 0x000001dd103478c0 DEOPT PACKING pc=0x000001dcc08cf3cc sp=0x000000462adf8b20
Event: 4.429 Thread 0x000001dd103478c0 DEOPT UNPACKING pc=0x000001dcbfbda4c2 sp=0x000000462adf80a8 mode 0
Event: 5.010 Thread 0x000001dd103478c0 DEOPT PACKING pc=0x000001dcc01c2cc4 sp=0x000000462adfa6d0
Event: 5.010 Thread 0x000001dd103478c0 DEOPT UNPACKING pc=0x000001dcbfbda4c2 sp=0x000000462adf9c28 mode 0
Event: 5.253 Thread 0x000001dd103478c0 DEOPT PACKING pc=0x000001dcc01d7771 sp=0x000000462adfdb50
Event: 5.253 Thread 0x000001dd103478c0 DEOPT UNPACKING pc=0x000001dcbfbda4c2 sp=0x000000462adfd058 mode 3
Event: 6.245 Thread 0x000001dd103478c0 DEOPT PACKING pc=0x000001dcc0ae15cc sp=0x000000462adfb860
Event: 6.245 Thread 0x000001dd103478c0 DEOPT UNPACKING pc=0x000001dcbfbda4c2 sp=0x000000462adfae68 mode 0
Event: 6.248 Thread 0x000001dd103478c0 DEOPT PACKING pc=0x000001dcc0ae1c64 sp=0x000000462adfccb0
Event: 6.248 Thread 0x000001dd103478c0 DEOPT UNPACKING pc=0x000001dcbfbda4c2 sp=0x000000462adfc1d8 mode 0
Event: 6.285 Thread 0x000001dd103478c0 DEOPT PACKING pc=0x000001dcc0ae1c64 sp=0x000000462adfdf50
Event: 6.286 Thread 0x000001dd103478c0 DEOPT UNPACKING pc=0x000001dcbfbda4c2 sp=0x000000462adfd478 mode 0
Event: 513.467 Thread 0x000001dd12c84ac0 DEOPT PACKING pc=0x000001dcbfdf9e26 sp=0x000000462bffab90
Event: 513.469 Thread 0x000001dd12c84ac0 DEOPT UNPACKING pc=0x000001dcbfbda4c2 sp=0x000000462bffa098 mode 3
Event: 828.456 Thread 0x000001dd12c85ab0 DEOPT PACKING pc=0x000001dcc03de0eb sp=0x000000462c0fafb0
Event: 828.463 Thread 0x000001dd12c85ab0 DEOPT UNPACKING pc=0x000001dcbfbda4c2 sp=0x000000462c0fa4b0 mode 3

Classes loaded (20 events):
Event: 33.267 Loading class sun/util/resources/LocaleData$CommonResourceBundleProvider
Event: 33.267 Loading class sun/util/resources/LocaleData$LocaleDataResourceBundleProvider
Event: 33.267 Loading class java/util/spi/ResourceBundleProvider
Event: 33.267 Loading class java/util/spi/ResourceBundleProvider done
Event: 33.267 Loading class sun/util/resources/LocaleData$LocaleDataResourceBundleProvider done
Event: 33.267 Loading class sun/util/resources/LocaleData$CommonResourceBundleProvider done
Event: 33.268 Loading class java/util/ArrayList$SubList$1
Event: 33.268 Loading class java/util/ArrayList$SubList$1 done
Event: 33.268 Loading class sun/util/resources/Bundles$2
Event: 33.268 Loading class sun/util/resources/Bundles$2 done
Event: 59.983 Loading class jdk/internal/reflect/MethodHandleBooleanFieldAccessorImpl
Event: 59.983 Loading class jdk/internal/reflect/MethodHandleBooleanFieldAccessorImpl done
Event: 59.987 Loading class jdk/internal/reflect/MethodHandleFloatFieldAccessorImpl
Event: 59.988 Loading class jdk/internal/reflect/MethodHandleFloatFieldAccessorImpl done
Event: 828.172 Loading class java/io/PrintWriter$1
Event: 828.174 Loading class jdk/internal/access/JavaIOPrintWriterAccess
Event: 828.174 Loading class jdk/internal/access/JavaIOPrintWriterAccess done
Event: 828.174 Loading class java/io/PrintWriter$1 done
Event: 828.174 Loading class java/lang/Throwable$WrappedPrintWriter
Event: 828.175 Loading class java/lang/Throwable$WrappedPrintWriter done

Classes unloaded (20 events):
Event: 867.258 Thread 0x000001dcca4041c0 Unloading class 0x000001dccc2d3800 'java/lang/invoke/LambdaForm$MH+0x000001dccc2d3800'
Event: 867.258 Thread 0x000001dcca4041c0 Unloading class 0x000001dccc2e0000 'java/lang/invoke/LambdaForm$MH+0x000001dccc2e0000'
Event: 867.258 Thread 0x000001dcca4041c0 Unloading class 0x000001dccc2e1c00 'java/lang/invoke/LambdaForm$MH+0x000001dccc2e1c00'
Event: 867.258 Thread 0x000001dcca4041c0 Unloading class 0x000001dccc2e8000 'java/lang/invoke/LambdaForm$MH+0x000001dccc2e8000'
Event: 867.258 Thread 0x000001dcca4041c0 Unloading class 0x000001dccc2e9c00 'java/lang/invoke/LambdaForm$MH+0x000001dccc2e9c00'
Event: 867.258 Thread 0x000001dcca4041c0 Unloading class 0x000001dccc2ea400 'java/lang/invoke/LambdaForm$MH+0x000001dccc2ea400'
Event: 867.258 Thread 0x000001dcca4041c0 Unloading class 0x000001dccc2eac00 'java/lang/invoke/LambdaForm$MH+0x000001dccc2eac00'
Event: 867.258 Thread 0x000001dcca4041c0 Unloading class 0x000001dccc2eb800 'java/lang/invoke/LambdaForm$MH+0x000001dccc2eb800'
Event: 867.258 Thread 0x000001dcca4041c0 Unloading class 0x000001dccc2f1800 'java/lang/invoke/LambdaForm$MH+0x000001dccc2f1800'
Event: 867.258 Thread 0x000001dcca4041c0 Unloading class 0x000001dccc2f0c00 'java/lang/invoke/LambdaForm$MH+0x000001dccc2f0c00'
Event: 867.258 Thread 0x000001dcca4041c0 Unloading class 0x000001dccc2f2c00 'java/lang/invoke/LambdaForm$MH+0x000001dccc2f2c00'
Event: 867.258 Thread 0x000001dcca4041c0 Unloading class 0x000001dccc2f3400 'java/lang/invoke/LambdaForm$MH+0x000001dccc2f3400'
Event: 867.258 Thread 0x000001dcca4041c0 Unloading class 0x000001dccc2f8000 'java/lang/invoke/LambdaForm$MH+0x000001dccc2f8000'
Event: 867.258 Thread 0x000001dcca4041c0 Unloading class 0x000001dccc2f8800 'java/lang/invoke/LambdaForm$MH+0x000001dccc2f8800'
Event: 867.258 Thread 0x000001dcca4041c0 Unloading class 0x000001dccc2fa800 'java/lang/invoke/LambdaForm$MH+0x000001dccc2fa800'
Event: 867.258 Thread 0x000001dcca4041c0 Unloading class 0x000001dccc2fb000 'java/lang/invoke/LambdaForm$MH+0x000001dccc2fb000'
Event: 867.258 Thread 0x000001dcca4041c0 Unloading class 0x000001dccc31c800 'java/lang/invoke/LambdaForm$MH+0x000001dccc31c800'
Event: 867.258 Thread 0x000001dcca4041c0 Unloading class 0x000001dccc31dc00 'java/lang/invoke/LambdaForm$MH+0x000001dccc31dc00'
Event: 867.258 Thread 0x000001dcca4041c0 Unloading class 0x000001dccc32d400 'java/lang/invoke/LambdaForm$MH+0x000001dccc32d400'
Event: 867.258 Thread 0x000001dcca4041c0 Unloading class 0x000001dccc32e000 'java/lang/invoke/LambdaForm$MH+0x000001dccc32e000'

Classes redefined (0 events):
No events

Internal exceptions (20 events):
Event: 6.394 Thread 0x000001dd103478c0 Exception <a 'java/lang/IncompatibleClassChangeError'{0x0000000748b96c48}: Found class java.lang.Object, but interface was expected> (0x0000000748b96c48) 
thrown [s\open\src\hotspot\share\interpreter\linkResolver.cpp, line 840]
Event: 6.477 Thread 0x000001dd103478c0 Exception <a 'java/lang/NoSuchMethodError'{0x0000000748245028}: 'java.lang.Object java.lang.invoke.DirectMethodHandle$Holder.invokeInterface(java.lang.Object, java.lang.Object, java.lang.Object, java.lang.Object)'> (0x0000000748245028) 
thrown [s\open\src\hotspot\share\interpreter\linkResolver.cpp, line 773]
Event: 6.543 Thread 0x000001dd103478c0 Exception <a 'java/lang/NoSuchMethodError'{0x0000000747fdce40}: 'java.lang.Object java.lang.invoke.DirectMethodHandle$Holder.invokeVirtual(java.lang.Object, java.lang.Object, java.lang.Object, java.lang.Object, java.lang.Object, java.lang.Object, java.lang.Object, java.lang.Object)'> (0x0000000747fdce40) 
thrown [s\open\src\hotspot\share\interpreter\linkResolver.cpp, line 773]
Event: 6.594 Thread 0x000001dd103478c0 Exception <a 'java/lang/NoSuchMethodError'{0x00000007478c6310}: 'java.lang.Object java.lang.invoke.DirectMethodHandle$Holder.invokeVirtual(java.lang.Object, java.lang.Object, java.lang.Object, java.lang.Object, java.lang.Object, java.lang.Object, java.lang.Object, java.lang.Object, java.lang.Object)'> (0x00000007478c6310) 
thrown [s\open\src\hotspot\share\interpreter\linkResolver.cpp, line 773]
Event: 6.615 Thread 0x000001dd103478c0 Exception <a 'java/lang/NoSuchMethodError'{0x0000000747695bb8}: 'java.lang.Object java.lang.invoke.DirectMethodHandle$Holder.invokeVirtual(java.lang.Object, java.lang.Object, java.lang.Object, java.lang.Object, java.lang.Object, java.lang.Object, java.lang.Object, java.lang.Object, java.lang.Object, java.lang.Object)'> (0x0000000747695bb8) 
thrown [s\open\src\hotspot\share\interpreter\linkResolver.cpp, line 773]
Event: 6.654 Thread 0x000001dd103478c0 Exception <a 'java/lang/IncompatibleClassChangeError'{0x00000007475f3440}: Found class java.lang.Object, but interface was expected> (0x00000007475f3440) 
thrown [s\open\src\hotspot\share\interpreter\linkResolver.cpp, line 840]
Event: 6.879 Thread 0x000001dd103478c0 Exception <a 'java/lang/NoSuchMethodError'{0x000000074c163538}: 'java.lang.Object java.lang.invoke.DirectMethodHandle$Holder.newInvokeSpecial(java.lang.Object, java.lang.Object, int, java.lang.Object, java.lang.Object)'> (0x000000074c163538) 
thrown [s\open\src\hotspot\share\interpreter\linkResolver.cpp, line 773]
Event: 6.879 Thread 0x000001dd103478c0 Exception <a 'java/lang/NoSuchMethodError'{0x000000074c16e008}: 'java.lang.Object java.lang.invoke.DirectMethodHandle$Holder.invokeSpecial(java.lang.Object, java.lang.Object, int, java.lang.Object, int, java.lang.Object)'> (0x000000074c16e008) 
thrown [s\open\src\hotspot\share\interpreter\linkResolver.cpp, line 773]
Event: 6.879 Thread 0x000001dd103478c0 Exception <a 'java/lang/NoSuchMethodError'{0x000000074c175d48}: 'java.lang.Object java.lang.invoke.DirectMethodHandle$Holder.newInvokeSpecial(java.lang.Object, java.lang.Object, int, java.lang.Object, int)'> (0x000000074c175d48) 
thrown [s\open\src\hotspot\share\interpreter\linkResolver.cpp, line 773]
Event: 6.879 Thread 0x000001dd103478c0 Exception <a 'java/lang/NoSuchMethodError'{0x000000074c179bb8}: 'java.lang.Object java.lang.invoke.DirectMethodHandle$Holder.invokeSpecial(java.lang.Object, java.lang.Object, java.lang.Object, int, java.lang.Object, int)'> (0x000000074c179bb8) 
thrown [s\open\src\hotspot\share\interpreter\linkResolver.cpp, line 773]
Event: 7.162 Thread 0x000001dd12c82ae0 Exception <a 'java/lang/NoSuchMethodError'{0x00000007494e2278}: 'java.lang.Object java.lang.invoke.DirectMethodHandle$Holder.invokeInterface(java.lang.Object, java.lang.Object, java.lang.Object, java.lang.Object, java.lang.Object, java.lang.Object, java.lang.Object)'> (0x00000007494e2278) 
thrown [s\open\src\hotspot\share\interpreter\linkResolver.cpp, line 773]
Event: 32.592 Thread 0x000001dd12c84ac0 Exception <a 'java/lang/NoSuchMethodError'{0x0000000748c60e10}: 'java.lang.Object java.lang.invoke.DirectMethodHandle$Holder.invokeSpecial(java.lang.Object, java.lang.Object, java.lang.Object, java.lang.Object, java.lang.Object, long)'> (0x0000000748c60e10) 
thrown [s\open\src\hotspot\share\interpreter\linkResolver.cpp, line 773]
Event: 32.592 Thread 0x000001dd12c84ac0 Exception <a 'java/lang/NoSuchMethodError'{0x0000000748c645d0}: 'java.lang.Object java.lang.invoke.Invokers$Holder.linkToTargetMethod(java.lang.Object, java.lang.Object, java.lang.Object, long, java.lang.Object)'> (0x0000000748c645d0) 
thrown [s\open\src\hotspot\share\interpreter\linkResolver.cpp, line 773]
Event: 32.624 Thread 0x000001dd12c84ac0 Exception <a 'java/lang/NoSuchMethodError'{0x0000000748a28020}: 'java.lang.Object java.lang.invoke.DirectMethodHandle$Holder.invokeStatic(java.lang.Object, int, int)'> (0x0000000748a28020) 
thrown [s\open\src\hotspot\share\interpreter\linkResolver.cpp, line 773]
Event: 59.947 Thread 0x000001dd12c805b0 Exception <a 'java/lang/NoSuchMethodError'{0x00000007489cdbb0}: 'void java.lang.invoke.DirectMethodHandle$Holder.invokeSpecialIFC(java.lang.Object, java.lang.Object, int, java.lang.Object, java.lang.Object, java.lang.Object, java.lang.Object)'> (0x00000007489cdbb0) 
thrown [s\open\src\hotspot\share\interpreter\linkResolver.cpp, line 773]
Event: 59.983 Thread 0x000001dd12c805b0 Exception <a 'java/lang/NoSuchMethodError'{0x00000007484242b0}: 'void java.lang.invoke.Invokers$Holder.invokeExact_MT(java.lang.Object, java.lang.Object, int, java.lang.Object)'> (0x00000007484242b0) 
thrown [s\open\src\hotspot\share\interpreter\linkResolver.cpp, line 773]
Event: 59.988 Thread 0x000001dd12c805b0 Exception <a 'java/lang/NoSuchMethodError'{0x000000074845fce8}: 'float java.lang.invoke.DelegatingMethodHandle$Holder.reinvoke_L(java.lang.Object, java.lang.Object)'> (0x000000074845fce8) 
thrown [s\open\src\hotspot\share\interpreter\linkResolver.cpp, line 773]
Event: 59.988 Thread 0x000001dd12c805b0 Exception <a 'java/lang/NoSuchMethodError'{0x000000074846a9e0}: 'void java.lang.invoke.DelegatingMethodHandle$Holder.reinvoke_L(java.lang.Object, java.lang.Object, float)'> (0x000000074846a9e0) 
thrown [s\open\src\hotspot\share\interpreter\linkResolver.cpp, line 773]
Event: 59.995 Thread 0x000001dd12c805b0 Exception <a 'java/lang/NoSuchMethodError'{0x00000007484d8fc0}: 'float java.lang.invoke.DirectMethodHandle$Holder.invokeVirtual(java.lang.Object, java.lang.Object)'> (0x00000007484d8fc0) 
thrown [s\open\src\hotspot\share\interpreter\linkResolver.cpp, line 773]
Event: 60.005 Thread 0x000001dd12c805b0 Exception <a 'java/lang/IncompatibleClassChangeError'{0x00000007485a5150}: Found class java.lang.Object, but interface was expected> (0x00000007485a5150) 
thrown [s\open\src\hotspot\share\interpreter\linkResolver.cpp, line 840]

VM Operations (20 events):
Event: 858.335 Executing VM operation: G1CollectForAllocation done
Event: 858.380 Executing VM operation: G1PauseRemark
Event: 859.444 Executing VM operation: G1PauseRemark done
Event: 859.531 Executing VM operation: G1PauseCleanup
Event: 859.545 Executing VM operation: G1PauseCleanup done
Event: 863.628 Executing VM operation: G1CollectForAllocation
Event: 863.632 Executing VM operation: G1CollectForAllocation done
Event: 865.123 Executing VM operation: G1CollectForAllocation
Event: 865.130 Executing VM operation: G1CollectForAllocation done
Event: 867.215 Executing VM operation: G1CollectForAllocation
Event: 867.217 Executing VM operation: G1CollectForAllocation done
Event: 867.258 Executing VM operation: G1PauseRemark
Event: 867.296 Executing VM operation: G1PauseRemark done
Event: 867.318 Executing VM operation: G1PauseCleanup
Event: 867.318 Executing VM operation: G1PauseCleanup done
Event: 868.631 Executing VM operation: G1CollectForAllocation
Event: 868.632 Executing VM operation: G1CollectForAllocation done
Event: 870.015 Executing VM operation: G1CollectForAllocation
Event: 870.020 Executing VM operation: G1CollectForAllocation done
Event: 871.152 Executing VM operation: G1CollectForAllocation

Events (20 events):
Event: 867.294 Thread 0x000001dcca4041c0 flushing nmethod 0x000001dcbfcc9390
Event: 867.294 Thread 0x000001dcca4041c0 flushing nmethod 0x000001dcbfcc9090
Event: 867.294 Thread 0x000001dcca4041c0 flushing nmethod 0x000001dcbfd5b090
Event: 867.294 Thread 0x000001dcca4041c0 flushing nmethod 0x000001dcbfcc5d90
Event: 867.294 Thread 0x000001dcca4041c0 flushing nmethod 0x000001dcbfcc5910
Event: 867.294 Thread 0x000001dcca4041c0 flushing nmethod 0x000001dcbfcc8d90
Event: 867.294 Thread 0x000001dcca4041c0 flushing nmethod 0x000001dcbfcc4a10
Event: 867.294 Thread 0x000001dcca4041c0 flushing nmethod 0x000001dcbfd5ab90
Event: 867.294 Thread 0x000001dcca4041c0 flushing nmethod 0x000001dcbfcc8a90
Event: 867.294 Thread 0x000001dcca4041c0 flushing nmethod 0x000001dcbfcc3e10
Event: 867.294 Thread 0x000001dcca4041c0 flushing nmethod 0x000001dcbfcc8490
Event: 867.294 Thread 0x000001dcca4041c0 flushing nmethod 0x000001dcbfcc0190
Event: 867.294 Thread 0x000001dcca4041c0 flushing nmethod 0x000001dcbfcc3810
Event: 867.294 Thread 0x000001dcca4041c0 flushing nmethod 0x000001dcbfca4190
Event: 867.294 Thread 0x000001dcca4041c0 flushing nmethod 0x000001dcbfca3990
Event: 867.294 Thread 0x000001dcca4041c0 flushing nmethod 0x000001dcbfca7e90
Event: 867.294 Thread 0x000001dcca4041c0 flushing nmethod 0x000001dcbfc9b690
Event: 867.294 Thread 0x000001dcca4041c0 flushing nmethod 0x000001dcbfc99610
Event: 867.294 Thread 0x000001dcca4041c0 flushing nmethod 0x000001dcbfc9e810
Event: 867.294 Thread 0x000001dcca4041c0 flushing nmethod 0x000001dcbfc9e010


Dynamic libraries:
0x00007ff732310000 - 0x00007ff732320000 	C:\Program Files\Java\jdk-20\bin\java.exe
0x00007ffdc43b0000 - 0x00007ffdc45c6000 	C:\WINDOWS\SYSTEM32\ntdll.dll
0x00007ffdc36e0000 - 0x00007ffdc37a4000 	C:\WINDOWS\System32\KERNEL32.DLL
0x00007ffdc1940000 - 0x00007ffdc1ce7000 	C:\WINDOWS\System32\KERNELBASE.dll
0x00007ffdc1820000 - 0x00007ffdc1931000 	C:\WINDOWS\System32\ucrtbase.dll
0x00007ffdbc580000 - 0x00007ffdbc59b000 	C:\Program Files\Java\jdk-20\bin\VCRUNTIME140.dll
0x00007ffdbc560000 - 0x00007ffdbc579000 	C:\Program Files\Java\jdk-20\bin\jli.dll
0x00007ffdc38b0000 - 0x00007ffdc3962000 	C:\WINDOWS\System32\ADVAPI32.dll
0x00007ffdc2e30000 - 0x00007ffdc2ed7000 	C:\WINDOWS\System32\msvcrt.dll
0x00007ffdc2fd0000 - 0x00007ffdc3078000 	C:\WINDOWS\System32\sechost.dll
0x00007ffdc16d0000 - 0x00007ffdc16f8000 	C:\WINDOWS\System32\bcrypt.dll
0x00007ffdc30a0000 - 0x00007ffdc31b5000 	C:\WINDOWS\System32\RPCRT4.dll
0x00007ffdc3b50000 - 0x00007ffdc3cfe000 	C:\WINDOWS\System32\USER32.dll
0x00007ffdc1db0000 - 0x00007ffdc1dd6000 	C:\WINDOWS\System32\win32u.dll
0x00007ffd9fcb0000 - 0x00007ffd9ff43000 	C:\WINDOWS\WinSxS\amd64_microsoft.windows.common-controls_6595b64144ccf1df_6.0.22621.3235_none_270f74e173860f98\COMCTL32.dll
0x00007ffdc4340000 - 0x00007ffdc4369000 	C:\WINDOWS\System32\GDI32.dll
0x00007ffdc1fc0000 - 0x00007ffdc20d9000 	C:\WINDOWS\System32\gdi32full.dll
0x00007ffdc1700000 - 0x00007ffdc179a000 	C:\WINDOWS\System32\msvcp_win.dll
0x00007ffdba260000 - 0x00007ffdba26a000 	C:\WINDOWS\SYSTEM32\VERSION.dll
0x00007ffdc21b0000 - 0x00007ffdc21e1000 	C:\WINDOWS\System32\IMM32.DLL
0x00007ffdbc5c0000 - 0x00007ffdbc5cc000 	C:\Program Files\Java\jdk-20\bin\vcruntime140_1.dll
0x00007ffd8e140000 - 0x00007ffd8e1ce000 	C:\Program Files\Java\jdk-20\bin\msvcp140.dll
0x00007ffd5a5b0000 - 0x00007ffd5b248000 	C:\Program Files\Java\jdk-20\bin\server\jvm.dll
0x00007ffda62c0000 - 0x00007ffda62c9000 	C:\WINDOWS\SYSTEM32\WSOCK32.dll
0x00007ffdba640000 - 0x00007ffdba674000 	C:\WINDOWS\SYSTEM32\WINMM.dll
0x00007ffdc2cd0000 - 0x00007ffdc2d41000 	C:\WINDOWS\System32\WS2_32.dll
0x00007ffdc07a0000 - 0x00007ffdc07b8000 	C:\WINDOWS\SYSTEM32\kernel.appcore.dll
0x00007ffdbb3c0000 - 0x00007ffdbb3ca000 	C:\Program Files\Java\jdk-20\bin\jimage.dll
0x00007ffdbef40000 - 0x00007ffdbf173000 	C:\WINDOWS\SYSTEM32\DBGHELP.DLL
0x00007ffdc3350000 - 0x00007ffdc36d8000 	C:\WINDOWS\System32\combase.dll
0x00007ffdc2d50000 - 0x00007ffdc2e27000 	C:\WINDOWS\System32\OLEAUT32.dll
0x00007ffdb1940000 - 0x00007ffdb1972000 	C:\WINDOWS\SYSTEM32\dbgcore.DLL
0x00007ffdc17a0000 - 0x00007ffdc1819000 	C:\WINDOWS\System32\bcryptPrimitives.dll
0x00007ffdb17d0000 - 0x00007ffdb17de000 	C:\Program Files\Java\jdk-20\bin\instrument.dll
0x00007ffdb1180000 - 0x00007ffdb11a6000 	C:\Program Files\Java\jdk-20\bin\java.dll
0x00007ffd8ca10000 - 0x00007ffd8cae7000 	C:\Program Files\Java\jdk-20\bin\jsvml.dll
0x00007ffdc21f0000 - 0x00007ffdc2a4c000 	C:\WINDOWS\System32\SHELL32.dll
0x00007ffdbf630000 - 0x00007ffdbff29000 	C:\WINDOWS\SYSTEM32\windows.storage.dll
0x00007ffdbf4f0000 - 0x00007ffdbf62e000 	C:\WINDOWS\SYSTEM32\wintypes.dll
0x00007ffdc3250000 - 0x00007ffdc3343000 	C:\WINDOWS\System32\SHCORE.dll
0x00007ffdc20f0000 - 0x00007ffdc214e000 	C:\WINDOWS\System32\shlwapi.dll
0x00007ffdc1600000 - 0x00007ffdc1621000 	C:\WINDOWS\SYSTEM32\profapi.dll
0x00007ffdad4e0000 - 0x00007ffdad4f8000 	C:\Program Files\Java\jdk-20\bin\zip.dll
0x00007ffdba9b0000 - 0x00007ffdba9c3000 	C:\Program Files\Java\jdk-20\bin\net.dll
0x00007ffdbbd90000 - 0x00007ffdbbec6000 	C:\WINDOWS\SYSTEM32\WINHTTP.dll
0x00007ffdc0c70000 - 0x00007ffdc0cd9000 	C:\WINDOWS\system32\mswsock.dll
0x00007ffdad5b0000 - 0x00007ffdad5c6000 	C:\Program Files\Java\jdk-20\bin\nio.dll
0x00007ffdad490000 - 0x00007ffdad4aa000 	C:\Program Files\JetBrains\IntelliJ IDEA 2023.2.1\bin\breakgen64.dll
0x00007ffdad4d0000 - 0x00007ffdad4d7000 	C:\Program Files\Java\jdk-20\bin\extnet.dll
0x00007ffdc01c0000 - 0x00007ffdc02b9000 	C:\WINDOWS\SYSTEM32\DNSAPI.dll
0x00007ffdc0190000 - 0x00007ffdc01bd000 	C:\WINDOWS\SYSTEM32\IPHLPAPI.DLL
0x00007ffdc3090000 - 0x00007ffdc3099000 	C:\WINDOWS\System32\NSI.dll
0x00007ffdba890000 - 0x00007ffdba89a000 	C:\Windows\System32\rasadhlp.dll
0x00007ffdba8c0000 - 0x00007ffdba943000 	C:\WINDOWS\System32\fwpuclnt.dll
0x00007ffdb1270000 - 0x00007ffdb127a000 	C:\Program Files\Java\jdk-20\bin\management.dll
0x00007ffdad5a0000 - 0x00007ffdad5ab000 	C:\Program Files\Java\jdk-20\bin\management_ext.dll
0x00007ffdc3d00000 - 0x00007ffdc3d08000 	C:\WINDOWS\System32\PSAPI.DLL
0x00007ffdc0ed0000 - 0x00007ffdc0eeb000 	C:\WINDOWS\SYSTEM32\CRYPTSP.dll
0x00007ffdc0760000 - 0x00007ffdc0795000 	C:\WINDOWS\system32\rsaenh.dll
0x00007ffdc0d70000 - 0x00007ffdc0d98000 	C:\WINDOWS\SYSTEM32\USERENV.dll
0x00007ffdc0ef0000 - 0x00007ffdc0efc000 	C:\WINDOWS\SYSTEM32\CRYPTBASE.dll
0x00007ffdbba90000 - 0x00007ffdbbaa9000 	C:\WINDOWS\SYSTEM32\dhcpcsvc6.DLL
0x00007ffdbba70000 - 0x00007ffdbba8f000 	C:\WINDOWS\SYSTEM32\dhcpcsvc.DLL
0x00007ffda3100000 - 0x00007ffda3117000 	C:\WINDOWS\system32\napinsp.dll
0x00007ffda2080000 - 0x00007ffda209b000 	C:\WINDOWS\system32\pnrpnsp.dll
0x00007ffda2060000 - 0x00007ffda2071000 	C:\WINDOWS\System32\winrnr.dll
0x00007ffda2040000 - 0x00007ffda2055000 	C:\WINDOWS\system32\wshbth.dll
0x00007ffda2010000 - 0x00007ffda2031000 	C:\WINDOWS\system32\nlansp_c.dll
0x00007ffdad550000 - 0x00007ffdad55e000 	C:\Program Files\Java\jdk-20\bin\sunmscapi.dll
0x00007ffdc1e50000 - 0x00007ffdc1fb7000 	C:\WINDOWS\System32\CRYPT32.dll
0x00007ffdc1070000 - 0x00007ffdc109e000 	C:\WINDOWS\SYSTEM32\ncrypt.dll
0x00007ffdc1030000 - 0x00007ffdc1067000 	C:\WINDOWS\SYSTEM32\NTASN1.dll
0x00007ffdb17b0000 - 0x00007ffdb17c0000 	C:\Program Files\Java\jdk-20\bin\verify.dll
0x00007ffd9c300000 - 0x00007ffd9c308000 	C:\WINDOWS\system32\wshunix.dll

dbghelp: loaded successfully - version: 4.0.5 - missing functions: none
symbol engine: initialized successfully - sym options: 0x614 - pdb path: .;C:\Program Files\Java\jdk-20\bin;C:\WINDOWS\SYSTEM32;C:\WINDOWS\WinSxS\amd64_microsoft.windows.common-controls_6595b64144ccf1df_6.0.22621.3235_none_270f74e173860f98;C:\Program Files\Java\jdk-20\bin\server;C:\Program Files\JetBrains\IntelliJ IDEA 2023.2.1\bin

VM Arguments:
jvm_args: -XX:TieredStopAtLevel=1 -Dspring.output.ansi.enabled=always -Dcom.sun.management.jmxremote -Dspring.jmx.enabled=true -Dspring.liveBeansView.mbeanDomain -Dspring.application.admin.enabled=true -Dmanagement.endpoints.jmx.exposure.include=* -javaagent:C:\Program Files\JetBrains\IntelliJ IDEA 2023.2.1\lib\idea_rt.jar=52988:C:\Program Files\JetBrains\IntelliJ IDEA 2023.2.1\bin -Dfile.encoding=UTF-8 -Dsun.stdout.encoding=UTF-8 -Dsun.stderr.encoding=UTF-8 
java_command: tn.esprit.coexist.CoexistApplication
java_class_path (initial): C:\Users\Ayedi\Downloads\backFront\backcoexist-merge14\backcoexist-merge1\target\classes;C:\Users\Ayedi\.m2\repository\org\springdoc\springdoc-openapi-starter-webmvc-ui\2.2.0\springdoc-openapi-starter-webmvc-ui-2.2.0.jar;C:\Users\Ayedi\.m2\repository\org\springdoc\springdoc-openapi-starter-webmvc-api\2.2.0\springdoc-openapi-starter-webmvc-api-2.2.0.jar;C:\Users\Ayedi\.m2\repository\org\springdoc\springdoc-openapi-starter-common\2.2.0\springdoc-openapi-starter-common-2.2.0.jar;C:\Users\Ayedi\.m2\repository\io\swagger\core\v3\swagger-core-jakarta\2.2.15\swagger-core-jakarta-2.2.15.jar;C:\Users\Ayedi\.m2\repository\org\apache\commons\commons-lang3\3.13.0\commons-lang3-3.13.0.jar;C:\Users\Ayedi\.m2\repository\io\swagger\core\v3\swagger-annotations-jakarta\2.2.15\swagger-annotations-jakarta-2.2.15.jar;C:\Users\Ayedi\.m2\repository\io\swagger\core\v3\swagger-models-jakarta\2.2.15\swagger-models-jakarta-2.2.15.jar;C:\Users\Ayedi\.m2\repository\com\fasterxml\jackson\dataformat\jackson-dataformat-yaml\2.15.3\jackson-dataformat-yaml-2.15.3.jar;C:\Users\Ayedi\.m2\repository\org\webjars\swagger-ui\5.2.0\swagger-ui-5.2.0.jar;C:\Users\Ayedi\.m2\repository\org\springframework\boot\spring-boot-starter-data-jpa\3.2.2\spring-boot-starter-data-jpa-3.2.2.jar;C:\Users\Ayedi\.m2\repository\org\springframework\boot\spring-boot-starter-aop\3.2.2\spring-boot-starter-aop-3.2.2.jar;C:\Users\Ayedi\.m2\repository\org\aspectj\aspectjweaver\1.9.21\aspectjweaver-1.9.21.jar;C:\Users\Ayedi\.m2\repository\org\springframework\boot\spring-boot-starter-jdbc\3.2.2\spring-boot-starter-jdbc-3.2.2.jar;C:\Users\Ayedi\.m2\repository\com\zaxxer\HikariCP\5.0.1\HikariCP-5.0.1.jar;C:\Users\Ayedi\.m2\repository\org\springframework\spring-jdbc\6.1.3\spring-jdbc-6.1.3.jar;C:\Users\Ayedi\.m2\repository\org\hibernate\orm\hibernate-core\6.4.1.Final\hibernate-core-6.4.1.Final.jar;C:\Users\Ayedi\.m2\repository\jakarta\persistence\jakarta.persistence-api\3.1.0\jakarta.persistence-api-3.1.0.jar;C:\Users\Ayedi\.m2\repository\jakarta\transaction\jakarta.transaction-api\2.0.1\jakarta.transaction-api-2.0.1.jar;C:\Users\Ayedi\.m2\repository\org\jboss\logging\jboss-logging\3.5.3.Final\jboss-logging-3.5.3.Final.jar;C:\Users\Ayedi\.m2\repository\org\hibernate\common\hibernate-commons-annotations\6.0.6.Final\hibernate-commons-annotations-6.0.6.Final.jar;C:\Users\Ayedi\.m2\repository\io\smallrye\jandex\3.1.2\jandex-3.1.2.jar;C:\Users\Ayedi\.m2\repository\com\fasterxml\classmate\1.6.0\classmate-1.6.0.jar;C:\Users\Ayedi\.m2\repository\net\bytebuddy\byte-buddy\1.14.11\byte-buddy-1.14.11.jar;C:\Users\Ayedi\.m2\repository\org\glassfish\jaxb\jaxb-runtime\4.0.4\jaxb-runtime-4.0.4.jar;C:\Users\Ayedi\.m2\repository\org\glassfish\jaxb\jaxb-core\4.0.4\jaxb-core-4.0.4.jar;C:\Users\Ayedi\.m2\repository\org\glassfish\jaxb\txw2\4.0.4\txw2-4.0.4.jar;C:\Users\Ayedi\.m2\repository\com\sun\istack\istack-commons-runtime\4.1.2\istack-commons-runtime-4.1.2.jar;C:\Users\Ayedi\.m2\repository\jakarta\inject\jakarta.inject-api\2.0.1\jakarta.inject-api-2.0.1.jar;C:\Users\Ayedi\.m2\repository\org\antlr\antlr4-runtime\4.13.0\antlr4-runtime-4.13.0.jar;C:\Users\Ayedi\.m2\repository\org\springframework\data\spring-data-jpa\3.2.2\spring-data-jpa-3.2.2.jar;C:\Users\Ayedi\.m2\repository\org\springframework\data\spring-data-commons\3.2.2\spring-data-commons-3.2.2.jar;C:\Users\Ayedi\.m2\repository\org\springframework\spring-orm\6.1.3\spring-orm-6.1.3.jar;C:\Users\Ayedi\.m2\repository\org\springframework\spring-context\6.1.3\spring-context-6.1.3.jar;C:\Users\Ayedi\.m2\repository\org\springframework\spring-tx\6.1.3\spring-tx-6.1.3.jar;C:\Users\Ayedi\.m2\repository\org\springframework\spring-beans\6.1.3\spring-beans-6.1.3.jar;C:\Users\Ayedi\.m2\repository\jakarta\annotation\jakarta.annotation-api\2.1.1\jakarta.annotation-api-2.1.1.jar;C:\Users\Ayedi\.m2\repository\org\slf4j\slf4j-api\2.0.11\slf4j-api-2.0.11.jar;C:\Users\Ayedi\.m2\repository\org\springframework\spring-aspects\6.1.3\spring-aspects-6.1.3.jar;C:\Users\Ayedi\.m2\repository\org\apache\commons\commons-math3\3.6.1\commons-math3-3.6.1.jar;C:\Users\Ayedi\.m2\repository\org\springframework\boot\spring-boot-starter-web\3.2.2\spring-boot-starter-web-3.2.2.jar;C:\Users\Ayedi\.m2\repository\org\springframework\boot\spring-boot-starter\3.2.2\spring-boot-starter-3.2.2.jar;C:\Users\Ayedi\.m2\repository\org\springframework\boot\spring-boot-starter-logging\3.2.2\spring-boot-starter-logging-3.2.2.jar;C:\Users\Ayedi\.m2\repository\ch\qos\logback\logback-classic\1.4.14\logback-classic-1.4.14.jar;C:\Users\Ayedi\.m2\repository\ch\qos\logback\logback-core\1.4.14\logback-core-1.4.14.jar;C:\Users\Ayedi\.m2\repository\org\apache\logging\log4j\log4j-to-slf4j\2.21.1\log4j-to-slf4j-2.21.1.jar;C:\Users\Ayedi\.m2\repository\org\apache\logging\log4j\log4j-api\2.21.1\log4j-api-2.21.1.jar;C:\Users\Ayedi\.m2\repository\org\slf4j\jul-to-slf4j\2.0.11\jul-to-slf4j-2.0.11.jar;C:\Users\Ayedi\.m2\repository\org\yaml\snakeyaml\2.2\snakeyaml-2.2.jar;C:\Users\Ayedi\.m2\repository\org\springframework\boot\spring-boot-starter-json\3.2.2\spring-boot-starter-json-3.2.2.jar;C:\Users\Ayedi\.m2\repository\com\fasterxml\jackson\datatype\jackson-datatype-jdk8\2.15.3\jackson-datatype-jdk8-2.15.3.jar;C:\Users\Ayedi\.m2\repository\com\fasterxml\jackson\datatype\jackson-datatype-jsr310\2.15.3\jackson-datatype-jsr310-2.15.3.jar;C:\Users\Ayedi\.m2\repository\com\fasterxml\jackson\module\jackson-module-parameter-names\2.15.3\jackson-module-parameter-names-2.15.3.jar;C:\Users\Ayedi\.m2\repository\org\springframework\boot\spring-boot-starter-tomcat\3.2.2\spring-boot-starter-tomcat-3.2.2.jar;C:\Users\Ayedi\.m2\repository\org\apache\tomcat\embed\tomcat-embed-core\10.1.18\tomcat-embed-core-10.1.18.jar;C:\Users\Ayedi\.m2\repository\org\apache\tomcat\embed\tomcat-embed-websocket\10.1.18\tomcat-embed-websocket-10.1.18.jar;C:\Users\Ayedi\.m2\repository\org\springframework\spring-web\6.1.3\spring-web-6.1.3.jar;C:\Users\Ayedi\.m2\repository\io\micrometer\micrometer-observation\1.12.2\micrometer-observation-1.12.2.jar;C:\Users\Ayedi\.m2\repository\io\micrometer\micrometer-commons\1.12.2\micrometer-commons-1.12.2.jar;C:\Users\Ayedi\.m2\repository\org\springframework\spring-webmvc\6.1.3\spring-webmvc-6.1.3.jar;C:\Users\Ayedi\.m2\repository\org\springframework\spring-expression\6.1.3\spring-expression-6.1.3.jar;C:\Users\Ayedi\.m2\repository\org\springframework\boot\spring-boot-devtools\3.2.1\spring-boot-devtools-3.2.1.jar;C:\Users\Ayedi\.m2\repository\org\springframework\boot\spring-boot\3.2.2\spring-boot-3.2.2.jar;C:\Users\Ayedi\.m2\repository\org\springframework\boot\spring-boot-autoconfigure\3.2.2\spring-boot-autoconfigure-3.2.2.jar;C:\Users\Ayedi\.m2\repository\org\springframework\boot\spring-boot-starter-websocket\3.1.5\spring-boot-starter-websocket-3.1.5.jar;C:\Users\Ayedi\.m2\repository\org\springframework\spring-messaging\6.1.3\spring-messaging-6.1.3.jar;C:\Users\Ayedi\.m2\repository\org\springframework\spring-websocket\6.1.3\spring-websocket-6.1.3.jar;C:\Users\Ayedi\.m2\repository\org\webjars\sockjs-client\1.0.2\sockjs-client-1.0.2.jar;C:\Users\Ayedi\.m2\repository\org\webjars\stomp-websocket\2.3.3\stomp-websocket-2.3.3.jar;C:\Users\Ayedi\.m2\repository\com\mysql\mysql-connector-j\8.3.0\mysql-connector-j-8.3.0.jar;C:\Users\Ayedi\.m2\repository\org\projectlombok\lombok\1.18.30\lombok-1.18.30.jar;C:\Users\Ayedi\.m2\repository\jakarta\xml\bind\jakarta.xml.bind-api\4.0.1\jakarta.xml.bind-api-4.0.1.jar;C:\Users\Ayedi\.m2\repository\jakarta\activation\jakarta.activation-api\2.1.2\jakarta.activation-api-2.1.2.jar;C:\Users\Ayedi\.m2\repository\org\springframework\spring-core\6.1.3\spring-core-6.1.3.jar;C:\Users\Ayedi\.m2\repository\org\springframework\spring-jcl\6.1.3\spring-jcl-6.1.3.jar;C:\Users\Ayedi\.m2\repository\org\facebook4j\facebook4j-core\2.4.13\facebook4j-core-2.4.13.jar;C:\Users\Ayedi\.m2\repository\org\springframework\boot\spring-boot-starter-validation\3.2.2\spring-boot-starter-validation-3.2.2.jar;C:\Users\Ayedi\.m2\repository\org\apache\tomcat\embed\tomcat-embed-el\10.1.18\tomcat-embed-el-10.1.18.jar;C:\Users\Ayedi\.m2\repository\org\hibernate\validator\hibernate-validator\8.0.1.Final\hibernate-validator-8.0.1.Final.jar;C:\Users\Ayedi\.m2\repository\jakarta\validation\jakarta.validation-api\3.0.2\jakarta.validation-api-3.0.2.jar;C:\Users\Ayedi\.m2\repository\io\jsonwebtoken\jjwt-api\0.11.5\jjwt-api-0.11.5.jar;C:\Users\Ayedi\.m2\repository\io\jsonwebtoken\jjwt-impl\0.11.5\jjwt-impl-0.11.5.jar;C:\Users\Ayedi\.m2\repository\io\jsonwebtoken\jjwt-jackson\0.11.5\jjwt-jackson-0.11.5.jar;C:\Users\Ayedi\.m2\repository\com\fasterxml\jackson\core\jackson-databind\2.15.3\jackson-databind-2.15.3.jar;C:\Users\Ayedi\.m2\repository\com\fasterxml\jackson\core\jackson-annotations\2.15.3\jackson-annotations-2.15.3.jar;C:\Users\Ayedi\.m2\repository\com\fasterxml\jackson\core\jackson-core\2.15.3\jackson-core-2.15.3.jar;C:\Users\Ayedi\.m2\repository\org\springframework\boot\spring-boot-starter-security\3.2.2\spring-boot-starter-security-3.2.2.jar;C:\Users\Ayedi\.m2\repository\org\springframework\spring-aop\6.1.3\spring-aop-6.1.3.jar;C:\Users\Ayedi\.m2\repository\org\springframework\security\spring-security-config\6.2.1\spring-security-config-6.2.1.jar;C:\Users\Ayedi\.m2\repository\org\springframework\security\spring-security-web\6.2.1\spring-security-web-6.2.1.jar;C:\Users\Ayedi\.m2\repository\org\springframework\security\spring-security-core\6.2.1\spring-security-core-6.2.1.jar;C:\Users\Ayedi\.m2\repository\org\springframework\security\spring-security-crypto\6.2.1\spring-security-crypto-6.2.1.jar;C:\Users\Ayedi\.m2\repository\commons-fileupload\commons-fileupload\1.5\commons-fileupload-1.5.jar;C:\Users\Ayedi\.m2\repository\commons-io\commons-io\2.11.0\commons-io-2.11.0.jar;C:\Users\Ayedi\.m2\repository\org\springframework\boot\spring-boot-starter-mail\3.2.2\spring-boot-starter-mail-3.2.2.jar;C:\Users\Ayedi\.m2\repository\org\springframework\spring-context-support\6.1.3\spring-context-support-6.1.3.jar;C:\Users\Ayedi\.m2\repository\org\eclipse\angus\jakarta.mail\2.0.2\jakarta.mail-2.0.2.jar;C:\Users\Ayedi\.m2\repository\org\eclipse\angus\angus-activation\2.0.1\angus-activation-2.0.1.jar
Launcher Type: SUN_STANDARD

[Global flags]
     intx CICompilerCount                          = 4                                         {product} {ergonomic}
     uint ConcGCThreads                            = 3                                         {product} {ergonomic}
     uint G1ConcRefinementThreads                  = 10                                        {product} {ergonomic}
   size_t G1HeapRegionSize                         = 2097152                                   {product} {ergonomic}
    uintx GCDrainStackTargetSize                   = 64                                        {product} {ergonomic}
   size_t InitialHeapSize                          = 199229440                                 {product} {ergonomic}
     bool ManagementServer                         = true                                      {product} {command line}
   size_t MarkStackSize                            = 4194304                                   {product} {ergonomic}
   size_t MaxHeapSize                              = 3162505216                                {product} {ergonomic}
   size_t MaxNewSize                               = 1895825408                                {product} {ergonomic}
   size_t MinHeapDeltaBytes                        = 2097152                                   {product} {ergonomic}
   size_t MinHeapSize                              = 8388608                                   {product} {ergonomic}
    uintx NonProfiledCodeHeapSize                  = 0                                      {pd product} {ergonomic}
     bool ProfileInterpreter                       = false                                  {pd product} {command line}
    uintx ProfiledCodeHeapSize                     = 0                                      {pd product} {ergonomic}
   size_t SoftMaxHeapSize                          = 3162505216                             {manageable} {ergonomic}
     intx TieredStopAtLevel                        = 1                                         {product} {command line}
     bool UseCompressedClassPointers               = true                           {product lp64_product} {ergonomic}
     bool UseCompressedOops                        = true                           {product lp64_product} {ergonomic}
     bool UseG1GC                                  = true                                      {product} {ergonomic}
     bool UseLargePagesIndividualAllocation        = false                                  {pd product} {ergonomic}

Logging:
Log output configuration:
 #0: stdout all=warning uptime,level,tags foldmultilines=false
 #1: stderr all=off uptime,level,tags foldmultilines=false

Environment Variables:
PATH=C:\Program Files (x86)\VMware\VMware Player\bin\;C:\Program Files\Common Files\Oracle\Java\javapath;C:\oraclexe\app\oracle\product\11.2.0\server\bin;C:\Program Files\Java\jdk1.8.0_301;PATH%;C:\WINDOWS\system32;C:\WINDOWS;C:\WINDOWS\System32\Wbem;C:\WINDOWS\System32\WindowsPowerShell\v1.0\;C:\WINDOWS\System32\OpenSSH\;C:\Program Files\nodejs\;C:\Program Files\Microsoft SQL Server\Client SDK\ODBC\170\Tools\Binn\;C:\Program Files\dotnet\;C:\Program Files\Git\cmd;C:\xampp\php;C:\composer;C:\Users\Ayedi\scoop\shims;C:\Program Files\Java\jdk1.8.0_301\bin;C:\Program Files (x86)\VMware\VMware Player\bin\;C:\Program Files\Common Files\Oracle\Java\javapath;C:\oraclexe\app\oracle\product\11.2.0\server\bin;C:\Program Files\Java\jdk1.8.0_301;PATH%;C:\WINDOWS\system32;C:\WINDOWS;C:\WINDOWS\System32\Wbem;C:\WINDOWS\System32\WindowsPowerShell\v1.0\;C:\WINDOWS\System32\OpenSSH\;C:\Program Files\nodejs\;C:\Program Files\Microsoft SQL Server\Client SDK\ODBC\170\Tools\Binn\;C:\Program Files\dotnet\;C:\Program Files\Git\cmd;C:\xampp\php;C:\composer;C:\Users\Ayedi\AppData\Local\Programs\Microsoft VS Code\bin;C:\Users\Ayedi\AppData\Local\Microsoft\WindowsApps;C:\Users\Ayedi\AppData\Roaming\npm;C:\Users\Ayedi\.dotnet\tools;C:\Program Files\Azure Data Studio\bin;C:\Users\Ayedi\Desktop\DataGrip 2023.2\bin;;C:\Users\Ayedi\AppData\Roaming\Composer\vendor\bin;C:\ProgramData\Ayedi\GitHubDesktop\bin
USERNAME=Ayedi
OS=Windows_NT
PROCESSOR_IDENTIFIER=Intel64 Family 6 Model 165 Stepping 2, GenuineIntel
TMP=C:\Users\Ayedi\AppData\Local\Temp
TEMP=C:\Users\Ayedi\AppData\Local\Temp




---------------  S Y S T E M  ---------------

OS:
 Windows 11 , 64 bit Build 22621 (10.0.22621.3374)
OS uptime: 6 days 13:43 hours

CPU: total 12 (initial active 12) (6 cores per cpu, 2 threads per core) family 6 model 165 stepping 2 microcode 0xf8, cx8, cmov, fxsr, ht, mmx, 3dnowpref, sse, sse2, sse3, ssse3, sse4.1, sse4.2, popcnt, lzcnt, tsc, tscinvbit, avx, avx2, aes, erms, clmul, bmi1, bmi2, adx, fma, vzeroupper, clflush, clflushopt, rdtscp, f16c, pku

Memory: 4k page, system-wide physical 12063M (1305M free)
TotalPageFile size 41210M (AvailPageFile size 0M)
current process WorkingSet (physical memory assigned to process): 331M, peak: 335M
current process commit charge ("private bytes"): 416M, peak: 434M

vm_info: Java HotSpot(TM) 64-Bit Server VM (20.0.2+9-78) for windows-amd64 JRE (20.0.2+9-78), built on 2023-06-14T10:08:48Z by "mach5one" with MS VC++ 17.1 (VS2022)

END.
